<?xml version="1.0" encoding="UTF-8"?>
<!-- Generated by org.testng.reporters.JUnitReportReporter -->
<testsuite hostname="Admin-PC" name="google.qa.Testcases.SearchPageTest" tests="8" failures="0" timestamp="5 Sep 2019 18:38:50 GMT" time="196.688" errors="0">
  <testcase name="GooglesearchtextTest" time="13.457" classname="google.qa.Testcases.SearchPageTest"/>
  <testcase name="GoogleLanguagelnk" time="35.110" classname="google.qa.Testcases.SearchPageTest"/>
  <testcase name="GooglepageTitleTest" time="18.087" classname="google.qa.Testcases.SearchPageTest"/>
  <testcase name="Googleautosearch" time="25.876" classname="google.qa.Testcases.SearchPageTest"/>
  <testcase name="Googlebtn" time="11.874" classname="google.qa.Testcases.SearchPageTest"/>
  <testcase name="Googlesearchwithnovalue" time="45.035" classname="google.qa.Testcases.SearchPageTest"/>
  <testcase name="GoogleLogoImageTest" time="33.389" classname="google.qa.Testcases.SearchPageTest"/>
  <testcase name="Googlesearchwithspecialchar" time="13.860" classname="google.qa.Testcases.SearchPageTest"/>
</testsuite> <!-- google.qa.Testcases.SearchPageTest -->
