<?xml version="1.0" encoding="UTF-8"?>
<!-- Generated by org.testng.reporters.JUnitReportReporter -->
<testsuite skipped="8" hostname="DESKTOP-ND4NE5D" name="google.qa.Testcases.SearchPageTest" tests="9" failures="0" timestamp="20 Sep 2019 03:56:56 GMT" time="0.069" errors="1">
  <testcase name="setUp" time="0.069" classname="google.qa.Testcases.SearchPageTest">
    <error type="java.lang.IllegalStateException" message="The driver executable does not exist: D:\Driver\chromedriver.exe">
      <![CDATA[java.lang.IllegalStateException: The driver executable does not exist: D:\Driver\chromedriver.exe
	at com.google.common.base.Preconditions.checkState(Preconditions.java:585)
	at org.openqa.selenium.remote.service.DriverService.checkExecutable(DriverService.java:137)
	at org.openqa.selenium.remote.service.DriverService.findExecutable(DriverService.java:132)
	at org.openqa.selenium.chrome.ChromeDriverService.access$000(ChromeDriverService.java:35)
	at org.openqa.selenium.chrome.ChromeDriverService$Builder.findDefaultExecutable(ChromeDriverService.java:156)
	at org.openqa.selenium.remote.service.DriverService$Builder.build(DriverService.java:346)
	at org.openqa.selenium.chrome.ChromeDriverService.createDefaultService(ChromeDriverService.java:91)
	at org.openqa.selenium.chrome.ChromeDriver.<init>(ChromeDriver.java:123)
	at google.qa.base.TestBase.initialization(TestBase.java:47)
	at google.qa.Testcases.SearchPageTest.setUp(SearchPageTest.java:42)
	at sun.reflect.NativeMethodAccessorImpl.invoke0(Native Method)
	at sun.reflect.NativeMethodAccessorImpl.invoke(Unknown Source)
	at sun.reflect.DelegatingMethodAccessorImpl.invoke(Unknown Source)
	at java.lang.reflect.Method.invoke(Unknown Source)
	at org.testng.internal.MethodInvocationHelper.invokeMethod(MethodInvocationHelper.java:108)
	at org.testng.internal.Invoker.invokeConfigurationMethod(Invoker.java:523)
	at org.testng.internal.Invoker.invokeConfigurations(Invoker.java:224)
	at org.testng.internal.Invoker.invokeMethod(Invoker.java:599)
	at org.testng.internal.Invoker.invokeTestMethod(Invoker.java:869)
	at org.testng.internal.Invoker.invokeTestMethods(Invoker.java:1193)
	at org.testng.internal.TestMethodWorker.invokeTestMethods(TestMethodWorker.java:126)
	at org.testng.internal.TestMethodWorker.run(TestMethodWorker.java:109)
	at org.testng.TestRunner.privateRun(TestRunner.java:744)
	at org.testng.TestRunner.run(TestRunner.java:602)
	at org.testng.SuiteRunner.runTest(SuiteRunner.java:380)
	at org.testng.SuiteRunner.runSequentially(SuiteRunner.java:375)
	at org.testng.SuiteRunner.privateRun(SuiteRunner.java:340)
	at org.testng.SuiteRunner.run(SuiteRunner.java:289)
	at org.testng.SuiteRunnerWorker.runSuite(SuiteRunnerWorker.java:52)
	at org.testng.SuiteRunnerWorker.run(SuiteRunnerWorker.java:86)
	at org.testng.TestNG.runSuitesSequentially(TestNG.java:1301)
	at org.testng.TestNG.runSuitesLocally(TestNG.java:1226)
	at org.testng.TestNG.runSuites(TestNG.java:1144)
	at org.testng.TestNG.run(TestNG.java:1115)
	at org.infinitest.testrunner.testng.TestNgRunner.runTest(TestNgRunner.java:82)
	at org.infinitest.testrunner.DefaultRunner.runTest(DefaultRunner.java:60)
	at org.infinitest.testrunner.TestRunnerProcess.runTest(TestRunnerProcess.java:70)
	at org.infinitest.testrunner.TestRunnerProcess.writeTestResultToOutputStream(TestRunnerProcess.java:112)
	at org.infinitest.testrunner.TestRunnerProcess.main(TestRunnerProcess.java:89)
]]>
    </error>
  </testcase> <!-- setUp -->
  <testcase name="GooglepageTitleTest" time="0.000" classname="google.qa.Testcases.SearchPageTest">
    <skipped/>
  </testcase> <!-- GooglepageTitleTest -->
  <testcase name="GoogleLogoImageTest" time="0.000" classname="google.qa.Testcases.SearchPageTest">
    <skipped/>
  </testcase> <!-- GoogleLogoImageTest -->
  <testcase name="GooglesearchtextTest" time="0.000" classname="google.qa.Testcases.SearchPageTest">
    <skipped/>
  </testcase> <!-- GooglesearchtextTest -->
  <testcase name="Googlesearchwithnovalue" time="0.000" classname="google.qa.Testcases.SearchPageTest">
    <skipped/>
  </testcase> <!-- Googlesearchwithnovalue -->
  <testcase name="Googlesearchwithspecialchar" time="0.000" classname="google.qa.Testcases.SearchPageTest">
    <skipped/>
  </testcase> <!-- Googlesearchwithspecialchar -->
  <testcase name="Googlebtn" time="0.000" classname="google.qa.Testcases.SearchPageTest">
    <skipped/>
  </testcase> <!-- Googlebtn -->
  <testcase name="GoogleLanguagelnk" time="0.000" classname="google.qa.Testcases.SearchPageTest">
    <skipped/>
  </testcase> <!-- GoogleLanguagelnk -->
  <testcase name="Googleautosearch" time="0.000" classname="google.qa.Testcases.SearchPageTest">
    <skipped/>
  </testcase> <!-- Googleautosearch -->
</testsuite> <!-- google.qa.Testcases.SearchPageTest -->
